<?xml version="1.0" encoding="UTF-8"?>
<!-- Generated by org.testng.reporters.JUnitReportReporter -->
<testsuite skipped="0" hostname="DESKTOP-I1NLBCN" name="execution.ExecuteERPtest" tests="6" failures="0" timestamp="2020-08-11T18:20:59 IST" time="34.021" errors="0">
  <testcase name="assignAdminrole" time="5.096" classname="execution.ExecuteERPtest"/>
  <system-out/>
  <testcase name="clickOnSettings" time="5.942" classname="execution.ExecuteERPtest"/>
  <system-out/>
  <testcase name="createUser" time="6.037" classname="execution.ExecuteERPtest"/>
  <system-out/>
  <testcase name="LoginTest" time="3.789" classname="execution.ExecuteERPtest"/>
  <system-out/>
  <testcase name="ClickOnCompanyProfile" time="8.192" classname="execution.ExecuteERPtest"/>
  <system-out/>
  <testcase name="setCompanyProfile" time="4.965" classname="execution.ExecuteERPtest"/>
  <system-out/>
</testsuite> <!-- execution.ExecuteERPtest -->
